\BOOKMARK [0][-]{chapter.1}{Introduction}{}
\BOOKMARK [0][-]{chapter.2}{Ideal uses of Cloud Files}{}
\BOOKMARK [0][-]{chapter.3}{Why use Cloud Files}{}
\BOOKMARK [0][-]{chapter.4}{Cloud Files Features}{}
\BOOKMARK [1][-]{section.4.1}{Simplicity}{chapter.4}
\BOOKMARK [1][-]{section.4.2}{Affordability}{chapter.4}
\BOOKMARK [1][-]{section.4.3}{Flexibility}{chapter.4}
\BOOKMARK [1][-]{section.4.4}{Superior performance}{chapter.4}
\BOOKMARK [1][-]{section.4.5}{World Class support}{chapter.4}
\BOOKMARK [1][-]{section.4.6}{Data Redundancy}{chapter.4}
\BOOKMARK [1][-]{section.4.7}{Security}{chapter.4}
\BOOKMARK [0][-]{chapter.5}{Tools and Applications for Cloud Files}{}
\BOOKMARK [1][-]{section.5.1}{Control Panel}{chapter.5}
\BOOKMARK [1][-]{section.5.2}{FireUploader}{chapter.5}
\BOOKMARK [1][-]{section.5.3}{Cyberduck}{chapter.5}
\BOOKMARK [0][-]{chapter.6}{Developing applications for Cloud Files}{}
\BOOKMARK [1][-]{section.6.1}{ReST API}{chapter.6}
\BOOKMARK [1][-]{section.6.2}{Language specific API}{chapter.6}
\BOOKMARK [1][-]{section.6.3}{Caveats}{chapter.6}
\BOOKMARK [0][-]{chapter.7}{Additional Resources}{}
\BOOKMARK [0][-]{chapter.8}{Trademarks}{}
